[INFO] Scanning for projects...
[INFO] 
[INFO] ---------------------< com.backend:lnuais-backend >---------------------
[INFO] Building lnuais-backend 0.0.1-SNAPSHOT
[INFO]   from pom.xml
[INFO] --------------------------------[ jar ]---------------------------------
[INFO] 
[INFO] >>> spring-boot:3.3.5:run (default-cli) > test-compile @ lnuais-backend >>>
[INFO] 
[INFO] --- resources:3.3.1:resources (default-resources) @ lnuais-backend ---
[INFO] Copying 2 resources from src\main\resources to target\classes
[INFO] Copying 0 resource from src\main\resources to target\classes
[INFO] 
[INFO] --- compiler:3.13.0:compile (default-compile) @ lnuais-backend ---
[INFO] Recompiling the module because of added or removed source files.
[INFO] Compiling 11 source files with javac [debug parameters release 21] to target\classes
[INFO] Annotation processing is enabled because one or more processors were found
  on the class path. A future release of javac may disable annotation processing
  unless at least one processor is specified by name (-processor), or a search
  path is specified (--processor-path, --processor-module-path), or annotation
  processing is enabled explicitly (-proc:only, -proc:full).
  Use -Xlint:-options to suppress this message.
  Use -proc:none to disable annotation processing.
[INFO] -------------------------------------------------------------
[ERROR] COMPILATION ERROR : 
[INFO] -------------------------------------------------------------
[ERROR] /C:/Users/moyou/Documents/lnuais-backend/src/main/java/com/backend/lnuais_backend/model/User.java:[52,17] cannot find symbol
  symbol:   class Event
  location: class com.backend.lnuais_backend.model.User
[ERROR] /C:/Users/moyou/Documents/lnuais-backend/src/main/java/com/backend/lnuais_backend/model/User.java:[52,24] cannot find symbol
  symbol:   class Event
  location: class com.backend.lnuais_backend.model.User
[ERROR] /C:/Users/moyou/Documents/lnuais-backend/src/main/java/com/backend/lnuais_backend/model/User.java:[21,1] cannot find symbol
  symbol:   class Event
  location: class com.backend.lnuais_backend.model.User
[INFO] 3 errors 
[INFO] -------------------------------------------------------------
[INFO] ------------------------------------------------------------------------
[INFO] BUILD FAILURE
[INFO] ------------------------------------------------------------------------
[INFO] Total time:  7.671 s
[INFO] Finished at: 2025-11-30T21:02:05+01:00
[INFO] ------------------------------------------------------------------------
[ERROR] Failed to execute goal org.apache.maven.plugins:maven-compiler-plugin:3.13.0:compile (default-compile) on project lnuais-backend: Compilation failure: Compilation failure: 
[ERROR] /C:/Users/moyou/Documents/lnuais-backend/src/main/java/com/backend/lnuais_backend/model/User.java:[52,17] cannot find symbol
[ERROR]   symbol:   class Event
[ERROR]   location: class com.backend.lnuais_backend.model.User
[ERROR] /C:/Users/moyou/Documents/lnuais-backend/src/main/java/com/backend/lnuais_backend/model/User.java:[52,24] cannot find symbol
[ERROR]   symbol:   class Event
[ERROR]   location: class com.backend.lnuais_backend.model.User
[ERROR] /C:/Users/moyou/Documents/lnuais-backend/src/main/java/com/backend/lnuais_backend/model/User.java:[21,1] cannot find symbol
[ERROR]   symbol:   class Event
[ERROR]   location: class com.backend.lnuais_backend.model.User
[ERROR] -> [Help 1]
[ERROR] 
[ERROR] To see the full stack trace of the errors, re-run Maven with the -e switch.
[ERROR] Re-run Maven using the -X switch to enable full debug logging.
[ERROR] 
[ERROR] For more information about the errors and possible solutions, please read the following articles:
[ERROR] [Help 1] http://cwiki.apache.org/confluence/display/MAVEN/MojoFailureException
